{"date":"Mon May 05 2025 11:00:00 GMT+0600 (Bangladesh Standard Time)","error":{},"exception":true,"level":"error","message":"uncaughtException: Route.patch() requires a callback function but got a [object Undefined]\nError: Route.patch() requires a callback function but got a [object Undefined]\n    at Route.<computed> [as patch] (C:\\Abir-007\\Office_Projects\\RangeWaveOnDemand\\node_modules\\express\\lib\\router\\route.js:216:15)\n    at Function.proto.<computed> [as patch] (C:\\Abir-007\\Office_Projects\\RangeWaveOnDemand\\node_modules\\express\\lib\\router\\index.js:521:19)\n    at Object.<anonymous> (C:\\Abir-007\\Office_Projects\\RangeWaveOnDemand\\src\\app\\modules\\auth\\auth.route.ts:15:8)\n    at Module.<anonymous> (node:internal/modules/cjs/loader:1554:14)\n    at Module._compile (C:\\Abir-007\\Office_Projects\\RangeWaveOnDemand\\node_modules\\source-map-support\\source-map-support.js:568:25)\n    at Module.m._compile (C:\\Users\\Abir-007\\AppData\\Local\\Temp\\ts-node-dev-hook-31471211459102144.js:69:33)\n    at node:internal/modules/cjs/loader:1706:10\n    at require.extensions..jsx.require.extensions..js (C:\\Users\\Abir-007\\AppData\\Local\\Temp\\ts-node-dev-hook-31471211459102144.js:114:20)\n    at require.extensions.<computed> (C:\\Users\\Abir-007\\AppData\\Local\\Temp\\ts-node-dev-hook-31471211459102144.js:71:20)\n    at Object.nodeDevHook [as .ts] (C:\\Abir-007\\Office_Projects\\RangeWaveOnDemand\\node_modules\\ts-node-dev\\lib\\hook.js:63:13)","os":{"loadavg":[0,0,0],"uptime":99950.562},"process":{"argv":["C:\\Program Files\\nodejs\\node.exe","./src/server.ts"],"cwd":"C:\\Abir-007\\Office_Projects\\RangeWaveOnDemand","execPath":"C:\\Program Files\\nodejs\\node.exe","gid":null,"memoryUsage":{"arrayBuffers":18392490,"external":20746352,"heapTotal":40796160,"heapUsed":29936480,"rss":81743872},"pid":7952,"uid":null,"version":"v22.14.0"},"service":"your-service-name","stack":"Error: Route.patch() requires a callback function but got a [object Undefined]\n    at Route.<computed> [as patch] (C:\\Abir-007\\Office_Projects\\RangeWaveOnDemand\\node_modules\\express\\lib\\router\\route.js:216:15)\n    at Function.proto.<computed> [as patch] (C:\\Abir-007\\Office_Projects\\RangeWaveOnDemand\\node_modules\\express\\lib\\router\\index.js:521:19)\n    at Object.<anonymous> (C:\\Abir-007\\Office_Projects\\RangeWaveOnDemand\\src\\app\\modules\\auth\\auth.route.ts:15:8)\n    at Module.<anonymous> (node:internal/modules/cjs/loader:1554:14)\n    at Module._compile (C:\\Abir-007\\Office_Projects\\RangeWaveOnDemand\\node_modules\\source-map-support\\source-map-support.js:568:25)\n    at Module.m._compile (C:\\Users\\Abir-007\\AppData\\Local\\Temp\\ts-node-dev-hook-31471211459102144.js:69:33)\n    at node:internal/modules/cjs/loader:1706:10\n    at require.extensions..jsx.require.extensions..js (C:\\Users\\Abir-007\\AppData\\Local\\Temp\\ts-node-dev-hook-31471211459102144.js:114:20)\n    at require.extensions.<computed> (C:\\Users\\Abir-007\\AppData\\Local\\Temp\\ts-node-dev-hook-31471211459102144.js:71:20)\n    at Object.nodeDevHook [as .ts] (C:\\Abir-007\\Office_Projects\\RangeWaveOnDemand\\node_modules\\ts-node-dev\\lib\\hook.js:63:13)","timestamp":"2025-05-05 11:00:00","trace":[{"column":15,"file":"C:\\Abir-007\\Office_Projects\\RangeWaveOnDemand\\node_modules\\express\\lib\\router\\route.js","function":"Route.<computed> [as patch]","line":216,"method":"<computed> [as patch]","native":false},{"column":19,"file":"C:\\Abir-007\\Office_Projects\\RangeWaveOnDemand\\node_modules\\express\\lib\\router\\index.js","function":"Function.proto.<computed> [as patch]","line":521,"method":"<computed> [as patch]","native":false},{"column":8,"file":"C:\\Abir-007\\Office_Projects\\RangeWaveOnDemand\\src\\app\\modules\\auth\\auth.route.ts","function":null,"line":15,"method":null,"native":false},{"column":14,"file":"node:internal/modules/cjs/loader","function":null,"line":1554,"method":null,"native":false},{"column":25,"file":"C:\\Abir-007\\Office_Projects\\RangeWaveOnDemand\\node_modules\\source-map-support\\source-map-support.js","function":"Module._compile","line":568,"method":"_compile","native":false},{"column":33,"file":"C:\\Users\\Abir-007\\AppData\\Local\\Temp\\ts-node-dev-hook-31471211459102144.js","function":"Module.m._compile","line":69,"method":"_compile","native":false},{"column":10,"file":"node:internal/modules/cjs/loader","function":null,"line":1706,"method":null,"native":false},{"column":20,"file":"C:\\Users\\Abir-007\\AppData\\Local\\Temp\\ts-node-dev-hook-31471211459102144.js","function":"require.extensions..jsx.require.extensions..js","line":114,"method":".js","native":false},{"column":20,"file":"C:\\Users\\Abir-007\\AppData\\Local\\Temp\\ts-node-dev-hook-31471211459102144.js","function":"require.extensions.<computed>","line":71,"method":"<computed>","native":false},{"column":13,"file":"C:\\Abir-007\\Office_Projects\\RangeWaveOnDemand\\node_modules\\ts-node-dev\\lib\\hook.js","function":"Object.nodeDevHook [as .ts]","line":63,"method":"ts]","native":false}]}
{"date":"Mon May 05 2025 11:00:27 GMT+0600 (Bangladesh Standard Time)","error":{},"exception":true,"level":"error","message":"uncaughtException: Route.patch() requires a callback function but got a [object Undefined]\nError: Route.patch() requires a callback function but got a [object Undefined]\n    at Route.<computed> [as patch] (C:\\Abir-007\\Office_Projects\\RangeWaveOnDemand\\node_modules\\express\\lib\\router\\route.js:216:15)\n    at Function.proto.<computed> [as patch] (C:\\Abir-007\\Office_Projects\\RangeWaveOnDemand\\node_modules\\express\\lib\\router\\index.js:521:19)\n    at Object.<anonymous> (C:\\Abir-007\\Office_Projects\\RangeWaveOnDemand\\src\\app\\modules\\auth\\auth.route.ts:15:8)\n    at Module.<anonymous> (node:internal/modules/cjs/loader:1554:14)\n    at Module._compile (C:\\Abir-007\\Office_Projects\\RangeWaveOnDemand\\node_modules\\source-map-support\\source-map-support.js:568:25)\n    at Module.m._compile (C:\\Users\\Abir-007\\AppData\\Local\\Temp\\ts-node-dev-hook-06965473494531027.js:69:33)\n    at node:internal/modules/cjs/loader:1706:10\n    at require.extensions..jsx.require.extensions..js (C:\\Users\\Abir-007\\AppData\\Local\\Temp\\ts-node-dev-hook-06965473494531027.js:114:20)\n    at require.extensions.<computed> (C:\\Users\\Abir-007\\AppData\\Local\\Temp\\ts-node-dev-hook-06965473494531027.js:71:20)\n    at Object.nodeDevHook [as .ts] (C:\\Abir-007\\Office_Projects\\RangeWaveOnDemand\\node_modules\\ts-node-dev\\lib\\hook.js:63:13)","os":{"loadavg":[0,0,0],"uptime":99977.484},"process":{"argv":["C:\\Program Files\\nodejs\\node.exe","./src/server.ts"],"cwd":"C:\\Abir-007\\Office_Projects\\RangeWaveOnDemand","execPath":"C:\\Program Files\\nodejs\\node.exe","gid":null,"memoryUsage":{"arrayBuffers":18392490,"external":20746352,"heapTotal":40796160,"heapUsed":29933640,"rss":82096128},"pid":5188,"uid":null,"version":"v22.14.0"},"service":"your-service-name","stack":"Error: Route.patch() requires a callback function but got a [object Undefined]\n    at Route.<computed> [as patch] (C:\\Abir-007\\Office_Projects\\RangeWaveOnDemand\\node_modules\\express\\lib\\router\\route.js:216:15)\n    at Function.proto.<computed> [as patch] (C:\\Abir-007\\Office_Projects\\RangeWaveOnDemand\\node_modules\\express\\lib\\router\\index.js:521:19)\n    at Object.<anonymous> (C:\\Abir-007\\Office_Projects\\RangeWaveOnDemand\\src\\app\\modules\\auth\\auth.route.ts:15:8)\n    at Module.<anonymous> (node:internal/modules/cjs/loader:1554:14)\n    at Module._compile (C:\\Abir-007\\Office_Projects\\RangeWaveOnDemand\\node_modules\\source-map-support\\source-map-support.js:568:25)\n    at Module.m._compile (C:\\Users\\Abir-007\\AppData\\Local\\Temp\\ts-node-dev-hook-06965473494531027.js:69:33)\n    at node:internal/modules/cjs/loader:1706:10\n    at require.extensions..jsx.require.extensions..js (C:\\Users\\Abir-007\\AppData\\Local\\Temp\\ts-node-dev-hook-06965473494531027.js:114:20)\n    at require.extensions.<computed> (C:\\Users\\Abir-007\\AppData\\Local\\Temp\\ts-node-dev-hook-06965473494531027.js:71:20)\n    at Object.nodeDevHook [as .ts] (C:\\Abir-007\\Office_Projects\\RangeWaveOnDemand\\node_modules\\ts-node-dev\\lib\\hook.js:63:13)","timestamp":"2025-05-05 11:00:27","trace":[{"column":15,"file":"C:\\Abir-007\\Office_Projects\\RangeWaveOnDemand\\node_modules\\express\\lib\\router\\route.js","function":"Route.<computed> [as patch]","line":216,"method":"<computed> [as patch]","native":false},{"column":19,"file":"C:\\Abir-007\\Office_Projects\\RangeWaveOnDemand\\node_modules\\express\\lib\\router\\index.js","function":"Function.proto.<computed> [as patch]","line":521,"method":"<computed> [as patch]","native":false},{"column":8,"file":"C:\\Abir-007\\Office_Projects\\RangeWaveOnDemand\\src\\app\\modules\\auth\\auth.route.ts","function":null,"line":15,"method":null,"native":false},{"column":14,"file":"node:internal/modules/cjs/loader","function":null,"line":1554,"method":null,"native":false},{"column":25,"file":"C:\\Abir-007\\Office_Projects\\RangeWaveOnDemand\\node_modules\\source-map-support\\source-map-support.js","function":"Module._compile","line":568,"method":"_compile","native":false},{"column":33,"file":"C:\\Users\\Abir-007\\AppData\\Local\\Temp\\ts-node-dev-hook-06965473494531027.js","function":"Module.m._compile","line":69,"method":"_compile","native":false},{"column":10,"file":"node:internal/modules/cjs/loader","function":null,"line":1706,"method":null,"native":false},{"column":20,"file":"C:\\Users\\Abir-007\\AppData\\Local\\Temp\\ts-node-dev-hook-06965473494531027.js","function":"require.extensions..jsx.require.extensions..js","line":114,"method":".js","native":false},{"column":20,"file":"C:\\Users\\Abir-007\\AppData\\Local\\Temp\\ts-node-dev-hook-06965473494531027.js","function":"require.extensions.<computed>","line":71,"method":"<computed>","native":false},{"column":13,"file":"C:\\Abir-007\\Office_Projects\\RangeWaveOnDemand\\node_modules\\ts-node-dev\\lib\\hook.js","function":"Object.nodeDevHook [as .ts]","line":63,"method":"ts]","native":false}]}
{"date":"Mon May 05 2025 11:00:31 GMT+0600 (Bangladesh Standard Time)","error":{},"exception":true,"level":"error","message":"uncaughtException: Route.patch() requires a callback function but got a [object Undefined]\nError: Route.patch() requires a callback function but got a [object Undefined]\n    at Route.<computed> [as patch] (C:\\Abir-007\\Office_Projects\\RangeWaveOnDemand\\node_modules\\express\\lib\\router\\route.js:216:15)\n    at Function.proto.<computed> [as patch] (C:\\Abir-007\\Office_Projects\\RangeWaveOnDemand\\node_modules\\express\\lib\\router\\index.js:521:19)\n    at Object.<anonymous> (C:\\Abir-007\\Office_Projects\\RangeWaveOnDemand\\src\\app\\modules\\auth\\auth.route.ts:15:8)\n    at Module.<anonymous> (node:internal/modules/cjs/loader:1554:14)\n    at Module._compile (C:\\Abir-007\\Office_Projects\\RangeWaveOnDemand\\node_modules\\source-map-support\\source-map-support.js:568:25)\n    at Module.m._compile (C:\\Users\\Abir-007\\AppData\\Local\\Temp\\ts-node-dev-hook-06965473494531027.js:69:33)\n    at node:internal/modules/cjs/loader:1706:10\n    at require.extensions..jsx.require.extensions..js (C:\\Users\\Abir-007\\AppData\\Local\\Temp\\ts-node-dev-hook-06965473494531027.js:114:20)\n    at require.extensions.<computed> (C:\\Users\\Abir-007\\AppData\\Local\\Temp\\ts-node-dev-hook-06965473494531027.js:71:20)\n    at Object.nodeDevHook [as .ts] (C:\\Abir-007\\Office_Projects\\RangeWaveOnDemand\\node_modules\\ts-node-dev\\lib\\hook.js:63:13)","os":{"loadavg":[0,0,0],"uptime":99981.906},"process":{"argv":["C:\\Program Files\\nodejs\\node.exe","./src/server.ts"],"cwd":"C:\\Abir-007\\Office_Projects\\RangeWaveOnDemand","execPath":"C:\\Program Files\\nodejs\\node.exe","gid":null,"memoryUsage":{"arrayBuffers":18392490,"external":20746352,"heapTotal":41058304,"heapUsed":29162672,"rss":81879040},"pid":5012,"uid":null,"version":"v22.14.0"},"service":"your-service-name","stack":"Error: Route.patch() requires a callback function but got a [object Undefined]\n    at Route.<computed> [as patch] (C:\\Abir-007\\Office_Projects\\RangeWaveOnDemand\\node_modules\\express\\lib\\router\\route.js:216:15)\n    at Function.proto.<computed> [as patch] (C:\\Abir-007\\Office_Projects\\RangeWaveOnDemand\\node_modules\\express\\lib\\router\\index.js:521:19)\n    at Object.<anonymous> (C:\\Abir-007\\Office_Projects\\RangeWaveOnDemand\\src\\app\\modules\\auth\\auth.route.ts:15:8)\n    at Module.<anonymous> (node:internal/modules/cjs/loader:1554:14)\n    at Module._compile (C:\\Abir-007\\Office_Projects\\RangeWaveOnDemand\\node_modules\\source-map-support\\source-map-support.js:568:25)\n    at Module.m._compile (C:\\Users\\Abir-007\\AppData\\Local\\Temp\\ts-node-dev-hook-06965473494531027.js:69:33)\n    at node:internal/modules/cjs/loader:1706:10\n    at require.extensions..jsx.require.extensions..js (C:\\Users\\Abir-007\\AppData\\Local\\Temp\\ts-node-dev-hook-06965473494531027.js:114:20)\n    at require.extensions.<computed> (C:\\Users\\Abir-007\\AppData\\Local\\Temp\\ts-node-dev-hook-06965473494531027.js:71:20)\n    at Object.nodeDevHook [as .ts] (C:\\Abir-007\\Office_Projects\\RangeWaveOnDemand\\node_modules\\ts-node-dev\\lib\\hook.js:63:13)","timestamp":"2025-05-05 11:00:31","trace":[{"column":15,"file":"C:\\Abir-007\\Office_Projects\\RangeWaveOnDemand\\node_modules\\express\\lib\\router\\route.js","function":"Route.<computed> [as patch]","line":216,"method":"<computed> [as patch]","native":false},{"column":19,"file":"C:\\Abir-007\\Office_Projects\\RangeWaveOnDemand\\node_modules\\express\\lib\\router\\index.js","function":"Function.proto.<computed> [as patch]","line":521,"method":"<computed> [as patch]","native":false},{"column":8,"file":"C:\\Abir-007\\Office_Projects\\RangeWaveOnDemand\\src\\app\\modules\\auth\\auth.route.ts","function":null,"line":15,"method":null,"native":false},{"column":14,"file":"node:internal/modules/cjs/loader","function":null,"line":1554,"method":null,"native":false},{"column":25,"file":"C:\\Abir-007\\Office_Projects\\RangeWaveOnDemand\\node_modules\\source-map-support\\source-map-support.js","function":"Module._compile","line":568,"method":"_compile","native":false},{"column":33,"file":"C:\\Users\\Abir-007\\AppData\\Local\\Temp\\ts-node-dev-hook-06965473494531027.js","function":"Module.m._compile","line":69,"method":"_compile","native":false},{"column":10,"file":"node:internal/modules/cjs/loader","function":null,"line":1706,"method":null,"native":false},{"column":20,"file":"C:\\Users\\Abir-007\\AppData\\Local\\Temp\\ts-node-dev-hook-06965473494531027.js","function":"require.extensions..jsx.require.extensions..js","line":114,"method":".js","native":false},{"column":20,"file":"C:\\Users\\Abir-007\\AppData\\Local\\Temp\\ts-node-dev-hook-06965473494531027.js","function":"require.extensions.<computed>","line":71,"method":"<computed>","native":false},{"column":13,"file":"C:\\Abir-007\\Office_Projects\\RangeWaveOnDemand\\node_modules\\ts-node-dev\\lib\\hook.js","function":"Object.nodeDevHook [as .ts]","line":63,"method":"ts]","native":false}]}
{"date":"Mon May 05 2025 12:01:58 GMT+0600 (Bangladesh Standard Time)","error":{},"exception":true,"level":"error","message":"uncaughtException: тип Unable to compile TypeScript:\nsrc/app/DB/index.ts(44,18): error TS1005: ')' expected.\r\nsrc/app/DB/index.ts(44,21): error TS1434: Unexpected keyword or identifier.\r\nsrc/app/DB/index.ts(44,24): error TS1128: Declaration or statement expected.\r\n\nError: тип Unable to compile TypeScript:\nsrc/app/DB/index.ts(44,18): error TS1005: ')' expected.\r\nsrc/app/DB/index.ts(44,21): error TS1434: Unexpected keyword or identifier.\r\nsrc/app/DB/index.ts(44,24): error TS1128: Declaration or statement expected.\r\n\n    at Object.<anonymous> (C:\\Abir-007\\Office_Projects\\RangeWaveOnDemand\\src\\app\\DB\\index.ts:1:7)\n    at Module.<anonymous> (node:internal/modules/cjs/loader:1554:14)\n    at Module._compile (C:\\Abir-007\\Office_Projects\\RangeWaveOnDemand\\node_modules\\source-map-support\\source-map-support.js:568:25)\n    at Module.m._compile (C:\\Users\\Abir-007\\AppData\\Local\\Temp\\ts-node-dev-hook-06965473494531027.js:69:33)\n    at node:internal/modules/cjs/loader:1706:10\n    at require.extensions..jsx.require.extensions..js (C:\\Users\\Abir-007\\AppData\\Local\\Temp\\ts-node-dev-hook-06965473494531027.js:114:20)\n    at require.extensions.<computed> (C:\\Users\\Abir-007\\AppData\\Local\\Temp\\ts-node-dev-hook-06965473494531027.js:71:20)\n    at Object.nodeDevHook [as .ts] (C:\\Abir-007\\Office_Projects\\RangeWaveOnDemand\\node_modules\\ts-node-dev\\lib\\hook.js:63:13)\n    at Module.load (node:internal/modules/cjs/loader:1289:32)\n    at Function._load (node:internal/modules/cjs/loader:1108:12)","os":{"loadavg":[0,0,0],"uptime":103668.671},"process":{"argv":["C:\\Program Files\\nodejs\\node.exe","./src/server.ts"],"cwd":"C:\\Abir-007\\Office_Projects\\RangeWaveOnDemand","execPath":"C:\\Program Files\\nodejs\\node.exe","gid":null,"memoryUsage":{"arrayBuffers":18394945,"external":20746352,"heapTotal":40796160,"heapUsed":29801776,"rss":82108416},"pid":26048,"uid":null,"version":"v22.14.0"},"service":"your-service-name","stack":"Error: тип Unable to compile TypeScript:\nsrc/app/DB/index.ts(44,18): error TS1005: ')' expected.\r\nsrc/app/DB/index.ts(44,21): error TS1434: Unexpected keyword or identifier.\r\nsrc/app/DB/index.ts(44,24): error TS1128: Declaration or statement expected.\r\n\n    at Object.<anonymous> (C:\\Abir-007\\Office_Projects\\RangeWaveOnDemand\\src\\app\\DB\\index.ts:1:7)\n    at Module.<anonymous> (node:internal/modules/cjs/loader:1554:14)\n    at Module._compile (C:\\Abir-007\\Office_Projects\\RangeWaveOnDemand\\node_modules\\source-map-support\\source-map-support.js:568:25)\n    at Module.m._compile (C:\\Users\\Abir-007\\AppData\\Local\\Temp\\ts-node-dev-hook-06965473494531027.js:69:33)\n    at node:internal/modules/cjs/loader:1706:10\n    at require.extensions..jsx.require.extensions..js (C:\\Users\\Abir-007\\AppData\\Local\\Temp\\ts-node-dev-hook-06965473494531027.js:114:20)\n    at require.extensions.<computed> (C:\\Users\\Abir-007\\AppData\\Local\\Temp\\ts-node-dev-hook-06965473494531027.js:71:20)\n    at Object.nodeDevHook [as .ts] (C:\\Abir-007\\Office_Projects\\RangeWaveOnDemand\\node_modules\\ts-node-dev\\lib\\hook.js:63:13)\n    at Module.load (node:internal/modules/cjs/loader:1289:32)\n    at Function._load (node:internal/modules/cjs/loader:1108:12)","timestamp":"2025-05-05 12:01:58","trace":[{"column":7,"file":"C:\\Abir-007\\Office_Projects\\RangeWaveOnDemand\\src\\app\\DB\\index.ts","function":null,"line":1,"method":null,"native":false},{"column":14,"file":"node:internal/modules/cjs/loader","function":null,"line":1554,"method":null,"native":false},{"column":25,"file":"C:\\Abir-007\\Office_Projects\\RangeWaveOnDemand\\node_modules\\source-map-support\\source-map-support.js","function":"Module._compile","line":568,"method":"_compile","native":false},{"column":33,"file":"C:\\Users\\Abir-007\\AppData\\Local\\Temp\\ts-node-dev-hook-06965473494531027.js","function":"Module.m._compile","line":69,"method":"_compile","native":false},{"column":10,"file":"node:internal/modules/cjs/loader","function":null,"line":1706,"method":null,"native":false},{"column":20,"file":"C:\\Users\\Abir-007\\AppData\\Local\\Temp\\ts-node-dev-hook-06965473494531027.js","function":"require.extensions..jsx.require.extensions..js","line":114,"method":".js","native":false},{"column":20,"file":"C:\\Users\\Abir-007\\AppData\\Local\\Temp\\ts-node-dev-hook-06965473494531027.js","function":"require.extensions.<computed>","line":71,"method":"<computed>","native":false},{"column":13,"file":"C:\\Abir-007\\Office_Projects\\RangeWaveOnDemand\\node_modules\\ts-node-dev\\lib\\hook.js","function":"Object.nodeDevHook [as .ts]","line":63,"method":"ts]","native":false},{"column":32,"file":"node:internal/modules/cjs/loader","function":"Module.load","line":1289,"method":"load","native":false},{"column":12,"file":"node:internal/modules/cjs/loader","function":"Function._load","line":1108,"method":"_load","native":false}]}
